C:\USERS\LEE\DOCUMENTS\VISUAL STUDIO 2010\PROJECTS\ROBOTWAR\BOXRECOGNITION\DEBUG\BOXRECOGNITION.PCH
C:\USERS\LEE\DOCUMENTS\VISUAL STUDIO 2010\PROJECTS\ROBOTWAR\BOXRECOGNITION\DEBUG\STDAFX.OBJ
C:\USERS\LEE\DOCUMENTS\VISUAL STUDIO 2010\PROJECTS\ROBOTWAR\BOXRECOGNITION\DEBUG\VC100.PDB
C:\USERS\LEE\DOCUMENTS\VISUAL STUDIO 2010\PROJECTS\ROBOTWAR\BOXRECOGNITION\DEBUG\BOXRECOGNITION.OBJ
C:\USERS\LEE\DOCUMENTS\VISUAL STUDIO 2010\PROJECTS\ROBOTWAR\BOXRECOGNITION\DEBUG\BOXRECOGNITIONDLG.OBJ
C:\USERS\LEE\DOCUMENTS\VISUAL STUDIO 2010\PROJECTS\ROBOTWAR\BOXRECOGNITION\DEBUG\IMAGE.OBJ
Y:\4. 세미나\학사과정\이윤구\ROBOTWAR\BOXRECOGNITION\DEBUG\BOXRECOGNITION.PCH
Y:\4. 세미나\학사과정\이윤구\ROBOTWAR\BOXRECOGNITION\DEBUG\STDAFX.OBJ
Y:\4. 세미나\학사과정\이윤구\ROBOTWAR\BOXRECOGNITION\DEBUG\VC100.PDB
Y:\4. 세미나\학사과정\이윤구\ROBOTWAR\BOXRECOGNITION\DEBUG\BOXRECOGNITION.OBJ
Y:\4. 세미나\학사과정\이윤구\ROBOTWAR\BOXRECOGNITION\DEBUG\BOXRECOGNITIONDLG.OBJ
Y:\4. 세미나\학사과정\이윤구\ROBOTWAR\BOXRECOGNITION\DEBUG\IMAGE.OBJ
C:\USERS\ADMINISTRATOR\DESKTOP\ROBOTWAR\BOXRECOGNITION\DEBUG\BOXRECOGNITION.PCH
C:\USERS\ADMINISTRATOR\DESKTOP\ROBOTWAR\BOXRECOGNITION\DEBUG\STDAFX.OBJ
C:\USERS\ADMINISTRATOR\DESKTOP\ROBOTWAR\BOXRECOGNITION\DEBUG\VC110.PDB
C:\USERS\ADMINISTRATOR\DESKTOP\ROBOTWAR\BOXRECOGNITION\DEBUG\BOXRECOGNITION.OBJ
C:\USERS\ADMINISTRATOR\DESKTOP\ROBOTWAR\BOXRECOGNITION\DEBUG\BOXRECOGNITIONDLG.OBJ
C:\USERS\ADMINISTRATOR\DESKTOP\ROBOTWAR\BOXRECOGNITION\DEBUG\IMAGE.OBJ
C:\USERS\LEE\DOCUMENTS\VISUAL STUDIO 2010\PROJECTS\ROBOTWAR\DEBUG\BOXRECOGNITION.ILK
C:\USERS\LEE\DOCUMENTS\VISUAL STUDIO 2010\PROJECTS\ROBOTWAR\DEBUG\BOXRECOGNITION.EXE
C:\USERS\LEE\DOCUMENTS\VISUAL STUDIO 2010\PROJECTS\ROBOTWAR\BOXRECOGNITION\DEBUG\BOXRECOGNITION.EXE.INTERMEDIATE.MANIFEST
C:\USERS\LEE\DOCUMENTS\VISUAL STUDIO 2010\PROJECTS\ROBOTWAR\DEBUG\BOXRECOGNITION.PDB
Y:\4. 세미나\학사과정\이윤구\ROBOTWAR\DEBUG\BOXRECOGNITION.ILK
Y:\4. 세미나\학사과정\이윤구\ROBOTWAR\DEBUG\BOXRECOGNITION.EXE
Y:\4. 세미나\학사과정\이윤구\ROBOTWAR\BOXRECOGNITION\DEBUG\BOXRECOGNITION.EXE.INTERMEDIATE.MANIFEST
Y:\4. 세미나\학사과정\이윤구\ROBOTWAR\DEBUG\BOXRECOGNITION.PDB
C:\USERS\LEE\DOCUMENTS\VISUAL STUDIO 2010\PROJECTS\ROBOTWAR\BOXRECOGNITION\DEBUG\BOXRECOGNITION.EXE.EMBED.MANIFEST
Y:\4. 세미나\학사과정\이윤구\ROBOTWAR\BOXRECOGNITION\DEBUG\BOXRECOGNITION.EXE.EMBED.MANIFEST
C:\USERS\LEE\DOCUMENTS\VISUAL STUDIO 2010\PROJECTS\ROBOTWAR\BOXRECOGNITION\DEBUG\BOXRECOGNITION.EXE.EMBED.MANIFEST.RES
C:\USERS\LEE\DOCUMENTS\VISUAL STUDIO 2010\PROJECTS\ROBOTWAR\BOXRECOGNITION\DEBUG\BOXRECOGNITION.RES
Y:\4. 세미나\학사과정\이윤구\ROBOTWAR\BOXRECOGNITION\DEBUG\BOXRECOGNITION.RES
Y:\4. 세미나\학사과정\이윤구\ROBOTWAR\BOXRECOGNITION\DEBUG\BOXRECOGNITION.EXE.EMBED.MANIFEST.RES
C:\USERS\ADMINISTRATOR\DESKTOP\ROBOTWAR\BOXRECOGNITION\DEBUG\BOXRECOGNITION.RES
C:\Users\Administrator\Desktop\robotwar\boxRecognition\Debug\boxRecognition.obj
C:\Users\Administrator\Desktop\robotwar\boxRecognition\Debug\boxRecognitionDlg.obj
C:\Users\Administrator\Desktop\robotwar\boxRecognition\Debug\image.obj
C:\Users\Administrator\Desktop\robotwar\boxRecognition\Debug\stdafx.obj
C:\Users\Administrator\Desktop\robotwar\boxRecognition\Debug\cl.command.1.tlog
C:\Users\Administrator\Desktop\robotwar\boxRecognition\Debug\CL.read.1.tlog
C:\Users\Administrator\Desktop\robotwar\boxRecognition\Debug\CL.write.1.tlog
C:\Users\Administrator\Desktop\robotwar\boxRecognition\Debug\link-cvtres.read.1.tlog
C:\Users\Administrator\Desktop\robotwar\boxRecognition\Debug\link-cvtres.write.1.tlog
C:\Users\Administrator\Desktop\robotwar\boxRecognition\Debug\link-mt.read.1.tlog
C:\Users\Administrator\Desktop\robotwar\boxRecognition\Debug\link-mt.write.1.tlog
C:\Users\Administrator\Desktop\robotwar\boxRecognition\Debug\link-rc.read.1.tlog
C:\Users\Administrator\Desktop\robotwar\boxRecognition\Debug\link-rc.write.1.tlog
C:\Users\Administrator\Desktop\robotwar\boxRecognition\Debug\link.2892-cvtres.read.1.tlog
C:\Users\Administrator\Desktop\robotwar\boxRecognition\Debug\link.2892-cvtres.write.1.tlog
C:\Users\Administrator\Desktop\robotwar\boxRecognition\Debug\link.2892.read.1.tlog
C:\Users\Administrator\Desktop\robotwar\boxRecognition\Debug\link.2892.write.1.tlog
C:\Users\Administrator\Desktop\robotwar\boxRecognition\Debug\link.3440-cvtres.read.1.tlog
C:\Users\Administrator\Desktop\robotwar\boxRecognition\Debug\link.3440-cvtres.write.1.tlog
C:\Users\Administrator\Desktop\robotwar\boxRecognition\Debug\link.3440.read.1.tlog
C:\Users\Administrator\Desktop\robotwar\boxRecognition\Debug\link.3440.write.1.tlog
C:\Users\Administrator\Desktop\robotwar\boxRecognition\Debug\link.4672-cvtres.read.1.tlog
C:\Users\Administrator\Desktop\robotwar\boxRecognition\Debug\link.4672-cvtres.write.1.tlog
C:\Users\Administrator\Desktop\robotwar\boxRecognition\Debug\link.4672.read.1.tlog
C:\Users\Administrator\Desktop\robotwar\boxRecognition\Debug\link.4672.write.1.tlog
C:\Users\Administrator\Desktop\robotwar\boxRecognition\Debug\link.5832-cvtres.read.1.tlog
C:\Users\Administrator\Desktop\robotwar\boxRecognition\Debug\link.5832-cvtres.write.1.tlog
C:\Users\Administrator\Desktop\robotwar\boxRecognition\Debug\link.5832.read.1.tlog
C:\Users\Administrator\Desktop\robotwar\boxRecognition\Debug\link.5832.write.1.tlog
C:\Users\Administrator\Desktop\robotwar\boxRecognition\Debug\link.6092-cvtres.read.1.tlog
C:\Users\Administrator\Desktop\robotwar\boxRecognition\Debug\link.6092-cvtres.write.1.tlog
C:\Users\Administrator\Desktop\robotwar\boxRecognition\Debug\link.6092.read.1.tlog
C:\Users\Administrator\Desktop\robotwar\boxRecognition\Debug\link.6092.write.1.tlog
C:\Users\Administrator\Desktop\robotwar\boxRecognition\Debug\link.command.1.tlog
C:\Users\Administrator\Desktop\robotwar\boxRecognition\Debug\link.read.1.tlog
C:\Users\Administrator\Desktop\robotwar\boxRecognition\Debug\link.write.1.tlog
C:\Users\Administrator\Desktop\robotwar\boxRecognition\Debug\mt.command.1.tlog
C:\Users\Administrator\Desktop\robotwar\boxRecognition\Debug\mt.read.1.tlog
C:\Users\Administrator\Desktop\robotwar\boxRecognition\Debug\mt.write.1.tlog
C:\Users\Administrator\Desktop\robotwar\boxRecognition\Debug\rc.command.1.tlog
C:\Users\Administrator\Desktop\robotwar\boxRecognition\Debug\rc.read.1.tlog
C:\Users\Administrator\Desktop\robotwar\boxRecognition\Debug\rc.write.1.tlog
C:\Users\Administrator\Desktop\robotwar\boxRecognition\Debug\boxRecognition.exe.embed.manifest
C:\Users\Administrator\Desktop\robotwar\boxRecognition\Debug\boxRecognition.exe.intermediate.manifest
C:\Users\Administrator\Desktop\robotwar\boxRecognition\Debug\boxRecognition.exe.embed.manifest.res
C:\Users\Administrator\Desktop\robotwar\boxRecognition\Debug\boxRecognition.res
C:\Users\Administrator\Desktop\robotwar\boxRecognition\Debug\boxRecognition.pch
C:\Users\Administrator\Desktop\robotwar\boxRecognition\Debug\vc100.idb
C:\Users\Administrator\Desktop\robotwar\boxRecognition\Debug\vc110.idb
C:\Users\Administrator\Desktop\robotwar\boxRecognition\Debug\vc100.pdb
C:\Users\Administrator\Desktop\robotwar\boxRecognition\Debug\vc110.pdb
C:\Users\Administrator\Desktop\robotwar\boxRecognition\Debug\boxRecognition_manifest.rc
C:\Users\Administrator\Desktop\robotwar\Debug\boxRecognition.pdb
